<?xml version="1.0" encoding="UTF-8"?>
<!-- Generated by org.testng.reporters.JUnitReportReporter -->
<testsuite hostname="DESKTOP-N42I4EB" failures="0" tests="1" name="com.hashTagMIS.Test.EmployeeUC.c2Report.F1EmSubmitReportTC" time="38.072" errors="1" timestamp="2024-08-13T20:40:14 IST" skipped="0">
  <testcase classname="com.hashTagMIS.Test.EmployeeUC.c2Report.F1EmSubmitReportTC" name="FillReport" time="38.072">
    <error message="no such element: Unable to locate element: {&quot;method&quot;:&quot;xpath&quot;,&quot;selector&quot;:&quot;//h1[text()=&#039;My Reports&#039;]&quot;}
  (Session info: chrome=127.0.6533.100)
For documentation on this error, please visit: https://www.selenium.dev/documentation/webdriver/troubleshooting/errors#no-such-element-exception
Build info: version: &#039;4.20.0&#039;, revision: &#039;866c76ca80&#039;
System info: os.name: &#039;Windows 11&#039;, os.arch: &#039;amd64&#039;, os.version: &#039;10.0&#039;, java.version: &#039;21.0.3&#039;
Driver info: org.openqa.selenium.chrome.ChromeDriver
Command: [9d9d709a95430572c1ca81376c7ff1b1, findElement {using=xpath, value=//h1[text()=&#039;My Reports&#039;]}]
Capabilities {acceptInsecureCerts: false, browserName: chrome, browserVersion: 127.0.6533.100, chrome: {chromedriverVersion: 127.0.6533.99 (f31af5097d90..., userDataDir: C:\Users\ADAMBR~1\AppData\L...}, fedcm:accounts: true, goog:chromeOptions: {debuggerAddress: localhost:51360}, networkConnectionEnabled: false, pageLoadStrategy: normal, platformName: windows, proxy: Proxy(), se:cdp: ws://localhost:51360/devtoo..., se:cdpVersion: 127.0.6533.100, setWindowRect: true, strictFileInteractability: false, timeouts: {implicit: 0, pageLoad: 300000, script: 30000}, unhandledPromptBehavior: dismiss and notify, webauthn:extension:credBlob: true, webauthn:extension:largeBlob: true, webauthn:extension:minPinLength: true, webauthn:extension:prf: true, webauthn:virtualAuthenticators: true}
Session ID: 9d9d709a95430572c1ca81376c7ff1b1" type="org.openqa.selenium.NoSuchElementException">
      <![CDATA[org.openqa.selenium.NoSuchElementException: no such element: Unable to locate element: {"method":"xpath","selector":"//h1[text()='My Reports']"}
  (Session info: chrome=127.0.6533.100)
For documentation on this error, please visit: https://www.selenium.dev/documentation/webdriver/troubleshooting/errors#no-such-element-exception
Build info: version: '4.20.0', revision: '866c76ca80'
System info: os.name: 'Windows 11', os.arch: 'amd64', os.version: '10.0', java.version: '21.0.3'
Driver info: org.openqa.selenium.chrome.ChromeDriver
Command: [9d9d709a95430572c1ca81376c7ff1b1, findElement {using=xpath, value=//h1[text()='My Reports']}]
Capabilities {acceptInsecureCerts: false, browserName: chrome, browserVersion: 127.0.6533.100, chrome: {chromedriverVersion: 127.0.6533.99 (f31af5097d90..., userDataDir: C:\Users\ADAMBR~1\AppData\L...}, fedcm:accounts: true, goog:chromeOptions: {debuggerAddress: localhost:51360}, networkConnectionEnabled: false, pageLoadStrategy: normal, platformName: windows, proxy: Proxy(), se:cdp: ws://localhost:51360/devtoo..., se:cdpVersion: 127.0.6533.100, setWindowRect: true, strictFileInteractability: false, timeouts: {implicit: 0, pageLoad: 300000, script: 30000}, unhandledPromptBehavior: dismiss and notify, webauthn:extension:credBlob: true, webauthn:extension:largeBlob: true, webauthn:extension:minPinLength: true, webauthn:extension:prf: true, webauthn:virtualAuthenticators: true}
Session ID: 9d9d709a95430572c1ca81376c7ff1b1
at java.base/jdk.internal.reflect.DirectConstructorHandleAccessor.newInstance(DirectConstructorHandleAccessor.java:62)
at java.base/java.lang.reflect.Constructor.newInstanceWithCaller(Constructor.java:502)
at java.base/java.lang.reflect.Constructor.newInstance(Constructor.java:486)
at org.openqa.selenium.remote.ErrorCodec.decode(ErrorCodec.java:167)
at org.openqa.selenium.remote.codec.w3c.W3CHttpResponseCodec.decode(W3CHttpResponseCodec.java:138)
at org.openqa.selenium.remote.codec.w3c.W3CHttpResponseCodec.decode(W3CHttpResponseCodec.java:50)
at org.openqa.selenium.remote.HttpCommandExecutor.execute(HttpCommandExecutor.java:190)
at org.openqa.selenium.remote.service.DriverCommandExecutor.invokeExecute(DriverCommandExecutor.java:216)
at org.openqa.selenium.remote.service.DriverCommandExecutor.execute(DriverCommandExecutor.java:174)
at org.openqa.selenium.remote.RemoteWebDriver.execute(RemoteWebDriver.java:518)
at org.openqa.selenium.remote.ElementLocation$ElementFinder$2.findElement(ElementLocation.java:165)
at org.openqa.selenium.remote.ElementLocation.findElement(ElementLocation.java:59)
at org.openqa.selenium.remote.RemoteWebDriver.findElement(RemoteWebDriver.java:355)
at org.openqa.selenium.remote.RemoteWebDriver.findElement(RemoteWebDriver.java:349)
at org.openqa.selenium.support.pagefactory.DefaultElementLocator.findElement(DefaultElementLocator.java:68)
at org.openqa.selenium.support.pagefactory.internal.LocatingElementHandler.invoke(LocatingElementHandler.java:38)
at jdk.proxy2/jdk.proxy2.$Proxy27.getWrappedElement(Unknown Source)
at org.openqa.selenium.remote.WebElementToJsonConverter.apply(WebElementToJsonConverter.java:48)
at java.base/java.util.stream.ReferencePipeline$3$1.accept(ReferencePipeline.java:197)
at java.base/java.util.Spliterators$ArraySpliterator.forEachRemaining(Spliterators.java:1024)
at java.base/java.util.stream.AbstractPipeline.copyInto(AbstractPipeline.java:509)
at java.base/java.util.stream.AbstractPipeline.wrapAndCopyInto(AbstractPipeline.java:499)
at java.base/java.util.stream.ReduceOps$ReduceOp.evaluateSequential(ReduceOps.java:921)
at java.base/java.util.stream.AbstractPipeline.evaluate(AbstractPipeline.java:234)
at java.base/java.util.stream.ReferencePipeline.collect(ReferencePipeline.java:682)
at org.openqa.selenium.remote.RemoteWebDriver.executeScript(RemoteWebDriver.java:461)
at LibraryFiles.UtilityClass.DrawBorder(UtilityClass.java:61)
at com.HashtagMIS.EmployeeUC.ME3Report.EmHistory.getEmHistoryPageTitle(EmHistory.java:63)
at com.hashTagMIS.Test.EmployeeUC.c2Report.F1EmSubmitReportTC.FillReport(F1EmSubmitReportTC.java:181)
at java.base/jdk.internal.reflect.DirectMethodHandleAccessor.invoke(DirectMethodHandleAccessor.java:103)
at java.base/java.lang.reflect.Method.invoke(Method.java:580)
at org.testng.internal.MethodInvocationHelper.invokeMethod(MethodInvocationHelper.java:133)
at org.testng.internal.TestInvoker.invokeMethod(TestInvoker.java:598)
at org.testng.internal.TestInvoker.invokeTestMethod(TestInvoker.java:173)
at org.testng.internal.MethodRunner.runInSequence(MethodRunner.java:46)
at org.testng.internal.TestInvoker$MethodInvocationAgent.invoke(TestInvoker.java:824)
at org.testng.internal.TestInvoker.invokeTestMethods(TestInvoker.java:146)
at org.testng.internal.TestMethodWorker.invokeTestMethods(TestMethodWorker.java:146)
at org.testng.internal.TestMethodWorker.run(TestMethodWorker.java:128)
at java.base/java.util.ArrayList.forEach(ArrayList.java:1596)
at org.testng.TestRunner.privateRun(TestRunner.java:794)
at org.testng.TestRunner.run(TestRunner.java:596)
at org.testng.SuiteRunner.runTest(SuiteRunner.java:377)
at org.testng.SuiteRunner.runSequentially(SuiteRunner.java:371)
at org.testng.SuiteRunner.privateRun(SuiteRunner.java:332)
at org.testng.SuiteRunner.run(SuiteRunner.java:276)
at org.testng.SuiteRunnerWorker.runSuite(SuiteRunnerWorker.java:53)
at org.testng.SuiteRunnerWorker.run(SuiteRunnerWorker.java:96)
at org.testng.TestNG.runSuitesSequentially(TestNG.java:1212)
at org.testng.TestNG.runSuitesLocally(TestNG.java:1134)
at org.testng.TestNG.runSuites(TestNG.java:1063)
at org.testng.TestNG.run(TestNG.java:1031)
at org.testng.remote.AbstractRemoteTestNG.run(AbstractRemoteTestNG.java:115)
at org.testng.remote.RemoteTestNG.initAndRun(RemoteTestNG.java:293)
at org.testng.remote.RemoteTestNG.main(RemoteTestNG.java:91)
]]>
    </error>
  </testcase> <!-- FillReport -->
  <system-out>
    <![CDATA[1] AdER  General IRs Published<=>501
1] AdER  General IRs Published<=>501
2] AdER  Major IRs Published<=>502
2] AdER  Major IRs Published<=>502
3] AdER  Serious IRs Published<=>503
3] AdER  Serious IRs Published<=>503
4] AdER  IRs Processed<=>504
4] AdER  IRs Processed<=>504
5] AdER  Internal IRs<=>505
5] AdER  Internal IRs<=>505
6] AdER  Internal IR Updates<=>506
6] AdER  Internal IR Updates<=>506
7] AdER  IR Updates<=>507
7] AdER  IR Updates<=>507
8] AdER  Add Summary - Only For IRs performed by Others<=>508
8] AdER  Add Summary - Only For IRs performed by Others<=>508
9] AdER  CRH Queries<=>509
9] AdER  CRH Queries<=>509
10] AdER  Move Request<=>510
10] AdER  Move Request<=>510
11] AdER  Maintenance Report<=>511
11] AdER  Maintenance Report<=>511
12] AdER  End Of Day Summary - Excel Create<=>512
12] AdER  End Of Day Summary - Excel Create<=>512
13] AdER  End Of Day Summary - Categorize<=>513
13] AdER  End Of Day Summary - Categorize<=>513
14] AdER  End of Day Summary with Updates<=>514
14] AdER  End of Day Summary with Updates<=>514
15] AdER  General Queries<=>515
15] AdER  General Queries<=>515
16] AdER  Email Scanning<=>516
16] AdER  Email Scanning<=>516
17] AdER  Closing Active IRs<=>517
17] AdER  Closing Active IRs<=>517
18] AdER  Archiving<=>518
18] AdER  Archiving<=>518
19] AdER  Database update<=>519
19] AdER  Database update<=>519
20] AdER  Cease of Movement<=>520
20] AdER  Cease of Movement<=>520
21] AdER  WL Chase<=>521
21] AdER  WL Chase<=>521
22] AdER  Weekly Or Monthly IR Count Report (Internal)<=>522
22] AdER  Weekly Or Monthly IR Count Report (Internal)<=>522
23] AdER  Weekly IR Word<=>523
23] AdER  Weekly IR Word<=>523
24] AdER  Weekly IR Excel<=>524
24] AdER  Weekly IR Excel<=>524
25] AdER  Observation Check<=>525
25] AdER  Observation Check<=>525
26] AdER  Filling Action Taken<=>526
26] AdER  Filling Action Taken<=>526
27] AdER  Calls<=>527
27] AdER  Calls<=>527
28] AdER  Emails<=>528
28] AdER  Emails<=>528
29] AdER  Meeting<=>529
29] AdER  Meeting<=>529
30] AdER  Meeting Minutes<=>530
30] AdER  Meeting Minutes<=>530
31] AdER  Handover<=>531
31] AdER  Handover<=>531
32] AdER  Training<=>Incident Training Long calls duration-1. 32 m 56 s (Call to HI Wembley. Their main number was not working, Followed vonage troubleshooting2. 32 m 56 s (Call to HI Wembley. Their main number was not working, Followed vonage troubleshooting
32] AdER  Training<=>Incident Training Long calls duration-1. 32 m 56 s (Call to HI Wembley. Their main number was not working, Followed vonage troubleshooting2. 32 m 56 s (Call to HI Wembley. Their main number was not working, Followed vonage troubleshooting
33] AdER  Other Tasks<=>Incident Other Tasks Long calls duration-1. 32 m 56 s (Call to HI Wembley. Their main number was not working, Followed vonage troubleshooting2. 32 m 56 s (Call to HI Wembley. Their main number was not working, Followed vonage troubleshooting
33] AdER  Other Tasks<=>Incident Other Tasks Long calls duration-1. 32 m 56 s (Call to HI Wembley. Their main number was not working, Followed vonage troubleshooting2. 32 m 56 s (Call to HI Wembley. Their main number was not working, Followed vonage troubleshooting
Report for selected date and deparment is already submitted<==>Report submitted successfully!]]>
  </system-out>
</testsuite> <!-- com.hashTagMIS.Test.EmployeeUC.c2Report.F1EmSubmitReportTC -->
