<?xml version="1.0" encoding="UTF-8"?>
<!-- Generated by org.testng.reporters.JUnitReportReporter -->
<testsuite hostname="DESKTOP-N42I4EB" failures="0" tests="15" name="com.hashTagMIS.Test.AdminUC.A3Task.Ad1AddTaskVerifyThemInAllPlacesTC" time="22.099" errors="1" timestamp="2024-08-22T19:41:05 IST" skipped="1">
  <testcase classname="com.hashTagMIS.Test.AdminUC.A3Task.Ad1AddTaskVerifyThemInAllPlacesTC" name="addTaskFromSheetTest" time="1.593"/>
  <system-out/>
  <testcase classname="com.hashTagMIS.Test.AdminUC.A3Task.Ad1AddTaskVerifyThemInAllPlacesTC" name="addTaskFromSheetTest" time="1.175"/>
  <system-out/>
  <testcase classname="com.hashTagMIS.Test.AdminUC.A3Task.Ad1AddTaskVerifyThemInAllPlacesTC" name="addTaskFromSheetTest" time="1.110"/>
  <system-out/>
  <testcase classname="com.hashTagMIS.Test.AdminUC.A3Task.Ad1AddTaskVerifyThemInAllPlacesTC" name="addTaskFromSheetTest" time="1.422"/>
  <system-out/>
  <testcase classname="com.hashTagMIS.Test.AdminUC.A3Task.Ad1AddTaskVerifyThemInAllPlacesTC" name="addTaskFromSheetTest" time="1.266"/>
  <system-out/>
  <testcase classname="com.hashTagMIS.Test.AdminUC.A3Task.Ad1AddTaskVerifyThemInAllPlacesTC" name="addTaskFromSheetTest" time="1.124"/>
  <system-out/>
  <testcase classname="com.hashTagMIS.Test.AdminUC.A3Task.Ad1AddTaskVerifyThemInAllPlacesTC" name="addTaskFromSheetTest" time="6.031">
    <error message="Cannot locate option with text: Specify in Brief
For documentation on this error, please visit: https://www.selenium.dev/documentation/webdriver/troubleshooting/errors#no-such-element-exception
Build info: version: &#039;4.20.0&#039;, revision: &#039;866c76ca80&#039;
System info: os.name: &#039;Windows 11&#039;, os.arch: &#039;amd64&#039;, os.version: &#039;10.0&#039;, java.version: &#039;21.0.3&#039;
Driver info: driver.version: unknown" type="org.openqa.selenium.NoSuchElementException">
      <![CDATA[org.openqa.selenium.NoSuchElementException: Cannot locate option with text: Specify in Brief
For documentation on this error, please visit: https://www.selenium.dev/documentation/webdriver/troubleshooting/errors#no-such-element-exception
Build info: version: '4.20.0', revision: '866c76ca80'
System info: os.name: 'Windows 11', os.arch: 'amd64', os.version: '10.0', java.version: '21.0.3'
Driver info: driver.version: unknown
at org.openqa.selenium.support.ui.Select.selectByVisibleText(Select.java:153)
at LibraryFiles.UtilityClass.selectByVisibleTxt(UtilityClass.java:77)
at com.HashtagMIS.AdminUC.MA5Tasks.AdAddTask.inpAdAddTaskFromSheet(AdAddTask.java:102)
at com.hashTagMIS.Test.AdminUC.A3Task.Ad1AddTaskVerifyThemInAllPlacesTC.addTaskFromSheetTest(Ad1AddTaskVerifyThemInAllPlacesTC.java:100)
at java.base/jdk.internal.reflect.DirectMethodHandleAccessor.invoke(DirectMethodHandleAccessor.java:103)
at java.base/java.lang.reflect.Method.invoke(Method.java:580)
at org.testng.internal.MethodInvocationHelper.invokeMethod(MethodInvocationHelper.java:133)
at org.testng.internal.TestInvoker.invokeMethod(TestInvoker.java:598)
at org.testng.internal.TestInvoker.invokeTestMethod(TestInvoker.java:173)
at org.testng.internal.MethodRunner.runInSequence(MethodRunner.java:46)
at org.testng.internal.TestInvoker$MethodInvocationAgent.invoke(TestInvoker.java:824)
at org.testng.internal.TestInvoker.invokeTestMethods(TestInvoker.java:146)
at org.testng.internal.TestMethodWorker.invokeTestMethods(TestMethodWorker.java:146)
at org.testng.internal.TestMethodWorker.run(TestMethodWorker.java:128)
at java.base/java.util.ArrayList.forEach(ArrayList.java:1596)
at org.testng.TestRunner.privateRun(TestRunner.java:794)
at org.testng.TestRunner.run(TestRunner.java:596)
at org.testng.SuiteRunner.runTest(SuiteRunner.java:377)
at org.testng.SuiteRunner.runSequentially(SuiteRunner.java:371)
at org.testng.SuiteRunner.privateRun(SuiteRunner.java:332)
at org.testng.SuiteRunner.run(SuiteRunner.java:276)
at org.testng.SuiteRunnerWorker.runSuite(SuiteRunnerWorker.java:53)
at org.testng.SuiteRunnerWorker.run(SuiteRunnerWorker.java:96)
at org.testng.TestNG.runSuitesSequentially(TestNG.java:1212)
at org.testng.TestNG.runSuitesLocally(TestNG.java:1134)
at org.testng.TestNG.runSuites(TestNG.java:1063)
at org.testng.TestNG.run(TestNG.java:1031)
at org.testng.remote.AbstractRemoteTestNG.run(AbstractRemoteTestNG.java:115)
at org.testng.remote.RemoteTestNG.initAndRun(RemoteTestNG.java:293)
at org.testng.remote.RemoteTestNG.main(RemoteTestNG.java:91)
]]>
    </error>
  </testcase> <!-- addTaskFromSheetTest -->
  <system-out/>
  <testcase classname="com.hashTagMIS.Test.AdminUC.A3Task.Ad1AddTaskVerifyThemInAllPlacesTC" name="addTaskFromSheetTest" time="1.192"/>
  <system-out/>
  <testcase classname="com.hashTagMIS.Test.AdminUC.A3Task.Ad1AddTaskVerifyThemInAllPlacesTC" name="addTaskFromSheetTest" time="1.303"/>
  <system-out/>
  <testcase classname="com.hashTagMIS.Test.AdminUC.A3Task.Ad1AddTaskVerifyThemInAllPlacesTC" name="addTaskFromSheetTest" time="1.152"/>
  <system-out/>
  <testcase classname="com.hashTagMIS.Test.AdminUC.A3Task.Ad1AddTaskVerifyThemInAllPlacesTC" name="addTaskFromSheetTest" time="1.146"/>
  <system-out/>
  <testcase classname="com.hashTagMIS.Test.AdminUC.A3Task.Ad1AddTaskVerifyThemInAllPlacesTC" name="addTaskFromSheetTest" time="1.233"/>
  <system-out/>
  <testcase classname="com.hashTagMIS.Test.AdminUC.A3Task.Ad1AddTaskVerifyThemInAllPlacesTC" name="addTaskFromSheetTest" time="1.234"/>
  <system-out/>
  <testcase classname="com.hashTagMIS.Test.AdminUC.A3Task.Ad1AddTaskVerifyThemInAllPlacesTC" name="addTaskFromSheetTest" time="1.118"/>
  <system-out/>
  <testcase classname="com.hashTagMIS.Test.AdminUC.A3Task.Ad1AddTaskVerifyThemInAllPlacesTC" name="verifyTaskFromSheetTest">
    <skipped/>
  </testcase> <!-- verifyTaskFromSheetTest -->
  <system-out/>
</testsuite> <!-- com.hashTagMIS.Test.AdminUC.A3Task.Ad1AddTaskVerifyThemInAllPlacesTC -->
